[2026-04-13 07:05 Berlin] Fetching 34 tickers...
  ✅ 000660.KS: 1029000.00 (+0.00%)
  ✅ TSM: 370.60 (+1.15%)
  ✅ PLTR: 128.06 (-1.53%)
  ✅ 1810.HK: 30.46 (-1.42%)
  ✅ IONQ: 28.79 (+2.13%)
  ✅ NVDA: 188.63 (+3.07%)
  ✅ UEC: 13.53 (-1.53%)
  ✅ URNM: 64.44 (-1.32%)
  ✅ CCJ: 116.04 (+0.61%)
  ✅ OKLO: 50.25 (+4.40%)
  ✅ RKLB: 68.05 (+1.42%)
  ✅ ASTS: 94.90 (+2.31%)
  ✅ CRSP: 51.22 (-1.12%)
  ✅ NTLA: 13.49 (-1.32%)
  ✅ BEAM: 27.43 (+3.82%)
  ✅ 272210.KS: 130700.00 (-2.61%)
  ✅ KTOS: 70.34 (+2.09%)
  ✅ AVAV: 179.72 (+1.26%)
  ✅ ARKQ: 119.18 (-0.31%)
  ✅ BOTZ: 35.43 (+2.10%)
  ✅ COHR: 307.50 (+8.17%)
  ✅ VRT: 295.11 (+2.14%)
  ✅ TMO: 496.11 (-0.28%)
  ✅ AMAT: 399.49 (+0.40%)
  ✅ NTR: 73.75 (+0.70%)
  ✅ PKX: 63.14 (-1.31%)
  ✅ MC.PA: 483.30 (+0.00%)
  ✅ GEVO: 1.93 (+0.52%)
  ✅ HUYA: 3.15 (-2.78%)
  ✅ FCX: 67.80 (+2.49%)
  ✅ IAU: 89.56 (-0.01%)
  ✅ TSMC: 370.60 (+1.15%)
  ✅ ASML: 1478.28 (+2.08%)
  ✅ PL: 34.67 (+0.51%)

Written: /root/gods_plan/prices.json (34 tickers)
✅ Pushed to GitHub → dashboard will refresh within 60s

🔱 Done. 34 tickers live on dashboard.
[2026-04-13 15:35 Berlin] Fetching 34 tickers...
  ✅ 000660.KS: 1040000.00 (+1.27%)
  ✅ TSM: 369.35 (-0.41%)
  ✅ PLTR: 130.13 (+0.81%)
  ✅ 1810.HK: 30.66 (-0.78%)
  ✅ IONQ: 27.92 (-3.29%)
  ✅ NVDA: 186.40 (-1.07%)
  ✅ UEC: 13.01 (-4.36%)
  ✅ URNM: 63.10 (-2.08%)
  ✅ CCJ: 114.00 (-2.39%)
  ✅ OKLO: 48.38 (-4.16%)
  ✅ RKLB: 66.98 (-2.03%)
  ✅ ASTS: 92.94 (-2.03%)
  ✅ CRSP: 51.50 (+0.00%)
  ✅ NTLA: 13.46 (-0.58%)
  ✅ BEAM: 28.09 (+1.81%)
  ✅ 272210.KS: 131900.00 (-1.05%)
  ✅ KTOS: 70.54 (+0.27%)
  ✅ AVAV: 178.09 (-0.51%)
  ✅ ARKQ: 118.63 (-0.80%)
  ✅ BOTZ: 35.19 (-0.82%)
  ✅ COHR: 309.47 (+0.20%)
  ✅ VRT: 298.65 (+0.93%)
  ✅ TMO: 495.11 (-1.96%)
  ✅ AMAT: 397.87 (-0.87%)
  ✅ NTR: 74.89 (+0.67%)
  ✅ PKX: 61.13 (-3.79%)
  ✅ MC.PA: 478.75 (-1.21%)
  ✅ GEVO: 1.91 (-1.13%)
  ✅ HUYA: 3.10 (-1.59%)
  ✅ FCX: 67.49 (-0.46%)
  ✅ IAU: 89.07 (-0.42%)
  ✅ TSMC: 369.53 (-0.36%)
  ✅ ASML: 1470.92 (-0.76%)
  ✅ PL: 33.22 (-4.41%)

Written: /root/gods_plan/prices.json (34 tickers)
✅ Pushed to GitHub → dashboard will refresh within 60s

🔱 Done. 34 tickers live on dashboard.
